<?xml version="1.0" encoding="UTF-8"?>
<testng-results skipped="0" failed="0" ignored="0" total="1" passed="1">
  <reporter-output>
  </reporter-output>
  <suite name="Default suite" duration-ms="13061" started-at="2020-11-03T16:07:29 IST" finished-at="2020-11-03T16:07:42 IST">
    <groups>
    </groups>
    <test name="Default test" duration-ms="13061" started-at="2020-11-03T16:07:29 IST" finished-at="2020-11-03T16:07:42 IST">
      <class name="mainTest.IxigoMainTest">
        <test-method status="PASS" signature="setup()[pri:0, instance:mainTest.IxigoMainTest@6895a785]" name="setup" is-config="true" duration-ms="6542" started-at="2020-11-03T16:07:29 IST" finished-at="2020-11-03T16:07:35 IST">
          <reporter-output>
          </reporter-output>
        </test-method> <!-- setup -->
        <test-method status="PASS" signature="search()[pri:0, instance:mainTest.IxigoMainTest@6895a785]" name="search" duration-ms="6446" started-at="2020-11-03T16:07:35 IST" finished-at="2020-11-03T16:07:42 IST">
          <reporter-output>
          </reporter-output>
        </test-method> <!-- search -->
        <test-method status="PASS" signature="tearDown()[pri:0, instance:mainTest.IxigoMainTest@6895a785]" name="tearDown" is-config="true" duration-ms="48" started-at="2020-11-03T16:07:42 IST" finished-at="2020-11-03T16:07:42 IST">
          <reporter-output>
          </reporter-output>
        </test-method> <!-- tearDown -->
      </class> <!-- mainTest.IxigoMainTest -->
    </test> <!-- Default test -->
  </suite> <!-- Default suite -->
</testng-results>
